{
"src\\app\\app.component.ts":{"path":"src\\app\\app.component.ts","statementMap":{"1":{"start":{"line":4,"column":0},"end":{"line":8,"column":22}},"2":{"start":{"line":10,"column":0},"end":{"line":10,"column":80}},"3":{"start":{"line":12,"column":0},"end":{"line":12,"column":35}},"4":{"start":{"line":24,"column":25},"end":{"line":24,"column":0}},"5":{"start":{"line":33,"column":24},"end":{"line":33,"column":49}},"6":{"start":{"line":34,"column":6},"end":{"line":34,"column":29}},"7":{"start":{"line":35,"column":6},"end":{"line":35,"column":46}},"8":{"start":{"line":36,"column":6},"end":{"line":36,"column":46}},"9":{"start":{"line":37,"column":6},"end":{"line":37,"column":44}},"10":{"start":{"line":40,"column":4},"end":{"line":47,"column":5}},"11":{"start":{"line":41,"column":8},"end":{"line":46,"column":11}},"12":{"start":{"line":49,"column":4},"end":{"line":59,"column":5}},"13":{"start":{"line":50,"column":8},"end":{"line":50,"column":44}},"14":{"start":{"line":51,"column":8},"end":{"line":58,"column":9}},"15":{"start":{"line":52,"column":23},"end":{"line":52,"column":45}},"16":{"start":{"line":53,"column":23},"end":{"line":53,"column":45}},"17":{"start":{"line":54,"column":22},"end":{"line":54,"column":43}},"18":{"start":{"line":55,"column":22},"end":{"line":55,"column":43}},"19":{"start":{"line":56,"column":10},"end":{"line":56,"column":84}},"20":{"start":{"line":57,"column":29},"end":{"line":57,"column":92}},"21":{"start":{"line":61,"column":4},"end":{"line":93,"column":5}},"22":{"start":{"line":62,"column":23},"end":{"line":62,"column":52}},"23":{"start":{"line":63,"column":24},"end":{"line":63,"column":26}},"24":{"start":{"line":64,"column":8},"end":{"line":86,"column":9}},"25":{"start":{"line":65,"column":22},"end":{"line":65,"column":53}},"26":{"start":{"line":66,"column":27},"end":{"line":66,"column":59}},"27":{"start":{"line":67,"column":26},"end":{"line":67,"column":30}},"28":{"start":{"line":69,"column":10},"end":{"line":82,"column":11}},"29":{"start":{"line":71,"column":8},"end":{"line":71,"column":29}},"30":{"start":{"line":72,"column":8},"end":{"line":72,"column":14}},"31":{"start":{"line":74,"column":8},"end":{"line":74,"column":29}},"32":{"start":{"line":75,"column":8},"end":{"line":75,"column":14}},"33":{"start":{"line":77,"column":8},"end":{"line":77,"column":28}},"34":{"start":{"line":78,"column":8},"end":{"line":78,"column":14}},"35":{"start":{"line":80,"column":8},"end":{"line":80,"column":28}},"36":{"start":{"line":81,"column":8},"end":{"line":81,"column":14}},"37":{"start":{"line":83,"column":10},"end":{"line":85,"column":10}},"38":{"start":{"line":84,"column":10},"end":{"line":84,"column":38}},"39":{"start":{"line":88,"column":8},"end":{"line":92,"column":23}},"40":{"start":{"line":89,"column":7},"end":{"line":89,"column":66}},"41":{"start":{"line":90,"column":8},"end":{"line":90,"column":21}},"42":{"start":{"line":92,"column":11},"end":{"line":92,"column":23}},"43":{"start":{"line":95,"column":4},"end":{"line":105,"column":5}},"44":{"start":{"line":96,"column":8},"end":{"line":104,"column":9}},"45":{"start":{"line":97,"column":10},"end":{"line":97,"column":23}},"46":{"start":{"line":99,"column":13},"end":{"line":104,"column":9}},"47":{"start":{"line":100,"column":10},"end":{"line":100,"column":55}},"48":{"start":{"line":102,"column":13},"end":{"line":104,"column":9}},"49":{"start":{"line":103,"column":10},"end":{"line":103,"column":69}},"50":{"start":{"line":107,"column":4},"end":{"line":109,"column":5}},"51":{"start":{"line":108,"column":6},"end":{"line":108,"column":48}},"52":{"start":{"line":111,"column":4},"end":{"line":122,"column":5}},"53":{"start":{"line":112,"column":19},"end":{"line":112,"column":41}},"54":{"start":{"line":113,"column":6},"end":{"line":121,"column":7}},"55":{"start":{"line":114,"column":8},"end":{"line":114,"column":53}},"56":{"start":{"line":116,"column":11},"end":{"line":121,"column":7}},"57":{"start":{"line":117,"column":8},"end":{"line":117,"column":53}},"58":{"start":{"line":119,"column":11},"end":{"line":121,"column":7}},"59":{"start":{"line":120,"column":8},"end":{"line":120,"column":57}},"60":{"start":{"line":124,"column":4},"end":{"line":134,"column":5}},"61":{"start":{"line":125,"column":6},"end":{"line":125,"column":27}},"62":{"start":{"line":125,"column":14},"end":{"line":125,"column":27}},"63":{"start":{"line":126,"column":21},"end":{"line":126,"column":59}},"64":{"start":{"line":127,"column":24},"end":{"line":127,"column":25}},"65":{"start":{"line":128,"column":6},"end":{"line":132,"column":7}},"66":{"start":{"line":129,"column":8},"end":{"line":131,"column":9}},"67":{"start":{"line":130,"column":10},"end":{"line":130,"column":43}},"68":{"start":{"line":133,"column":25},"end":{"line":133,"column":74}},"69":{"start":{"line":135,"column":0},"end":{"line":135,"column":1}},"70":{"start":{"line":24,"column":13},"end":{"line":135,"column":1}},"71":{"start":{"line":24,"column":13},"end":{"line":24,"column":25}}},"fnMap":{"1":{"name":"(anonymous_0)","line":24,"loc":{"start":{"line":24,"column":25},"end":{"line":24,"column":0}}},"2":{"name":"AppComponent","line":33,"loc":{"start":{"line":33,"column":66},"end":{"line":38,"column":5}}},"3":{"name":"(anonymous_2)","line":40,"loc":{"start":{"line":40,"column":4},"end":{"line":47,"column":5}}},"4":{"name":"(anonymous_3)","line":49,"loc":{"start":{"line":49,"column":37},"end":{"line":59,"column":5}}},"5":{"name":"(anonymous_4)","line":61,"loc":{"start":{"line":61,"column":4},"end":{"line":93,"column":5}}},"6":{"name":"(anonymous_5)","line":95,"loc":{"start":{"line":95,"column":52},"end":{"line":105,"column":5}}},"7":{"name":"(anonymous_6)","line":107,"loc":{"start":{"line":107,"column":28},"end":{"line":109,"column":5}}},"8":{"name":"(anonymous_7)","line":111,"loc":{"start":{"line":111,"column":42},"end":{"line":122,"column":5}}},"9":{"name":"(anonymous_8)","line":124,"loc":{"start":{"line":124,"column":18},"end":{"line":134,"column":5}}}},"branchMap":{"1":{"line":51,"type":"if","locations":[{"start":{"line":51,"column":8},"end":{"line":58,"column":9}},{"start":{"line":51,"column":8},"end":{"line":58,"column":9}}]},"2":{"line":70,"type":"switch","locations":[{"start":{"line":70,"column":7},"end":{"line":72,"column":14}},{"start":{"line":73,"column":7},"end":{"line":75,"column":14}},{"start":{"line":76,"column":7},"end":{"line":78,"column":14}},{"start":{"line":79,"column":7},"end":{"line":81,"column":14}}]},"3":{"line":83,"type":"if","locations":[{"start":{"line":83,"column":10},"end":{"line":85,"column":10}},{"start":{"line":83,"column":10},"end":{"line":85,"column":10}}]},"4":{"line":83,"type":"binary-expr","locations":[{"start":{"line":83,"column":13},"end":{"line":83,"column":30}},{"start":{"line":83,"column":35},"end":{"line":83,"column":53}},{"start":{"line":83,"column":57},"end":{"line":83,"column":73}}]},"5":{"line":88,"type":"if","locations":[{"start":{"line":88,"column":8},"end":{"line":92,"column":23}},{"start":{"line":88,"column":8},"end":{"line":92,"column":23}}]},"6":{"line":96,"type":"if","locations":[{"start":{"line":96,"column":8},"end":{"line":104,"column":9}},{"start":{"line":96,"column":8},"end":{"line":104,"column":9}}]},"7":{"line":99,"type":"if","locations":[{"start":{"line":99,"column":13},"end":{"line":104,"column":9}},{"start":{"line":99,"column":13},"end":{"line":104,"column":9}}]},"8":{"line":99,"type":"binary-expr","locations":[{"start":{"line":99,"column":17},"end":{"line":99,"column":50}},{"start":{"line":99,"column":54},"end":{"line":99,"column":88}}]},"9":{"line":102,"type":"if","locations":[{"start":{"line":102,"column":13},"end":{"line":104,"column":9}},{"start":{"line":102,"column":13},"end":{"line":104,"column":9}}]},"10":{"line":113,"type":"if","locations":[{"start":{"line":113,"column":6},"end":{"line":121,"column":7}},{"start":{"line":113,"column":6},"end":{"line":121,"column":7}}]},"11":{"line":116,"type":"if","locations":[{"start":{"line":116,"column":11},"end":{"line":121,"column":7}},{"start":{"line":116,"column":11},"end":{"line":121,"column":7}}]},"12":{"line":116,"type":"binary-expr","locations":[{"start":{"line":116,"column":15},"end":{"line":116,"column":48}},{"start":{"line":116,"column":52},"end":{"line":116,"column":86}}]},"13":{"line":119,"type":"if","locations":[{"start":{"line":119,"column":11},"end":{"line":121,"column":7}},{"start":{"line":119,"column":11},"end":{"line":121,"column":7}}]},"14":{"line":125,"type":"if","locations":[{"start":{"line":125,"column":6},"end":{"line":125,"column":27}},{"start":{"line":125,"column":6},"end":{"line":125,"column":27}}]},"15":{"line":129,"type":"if","locations":[{"start":{"line":129,"column":8},"end":{"line":131,"column":9}},{"start":{"line":129,"column":8},"end":{"line":131,"column":9}}]}},"s":{"1":1,"2":1,"3":1,"4":1,"5":0,"6":0,"7":0,"8":0,"9":0,"10":1,"11":0,"12":1,"13":0,"14":0,"15":0,"16":0,"17":0,"18":0,"19":0,"20":0,"21":1,"22":0,"23":0,"24":0,"25":0,"26":0,"27":0,"28":0,"29":0,"30":0,"31":0,"32":0,"33":0,"34":0,"35":0,"36":0,"37":0,"38":0,"39":0,"40":0,"41":0,"42":0,"43":1,"44":0,"45":0,"46":0,"47":0,"48":0,"49":0,"50":1,"51":0,"52":1,"53":0,"54":0,"55":0,"56":0,"57":0,"58":0,"59":0,"60":1,"61":0,"62":0,"63":0,"64":0,"65":0,"66":0,"67":0,"68":0,"69":1,"70":1,"71":1},"b":{"1":[0,0],"2":[0,0,0,0],"3":[0,0],"4":[0,0,0],"5":[0,0],"6":[0,0],"7":[0,0],"8":[0,0],"9":[0,0],"10":[0,0],"11":[0,0],"12":[0,0],"13":[0,0],"14":[0,0],"15":[0,0]},"f":{"1":1,"2":0,"3":0,"4":0,"5":0,"6":0,"7":0,"8":0,"9":0},"l":{"4":1,"10":1,"12":1,"24":1,"33":0,"34":0,"35":0,"36":0,"37":0,"40":1,"41":0,"49":1,"50":0,"51":0,"52":0,"53":0,"54":0,"55":0,"56":0,"57":0,"61":1,"62":0,"63":0,"64":0,"65":0,"66":0,"67":0,"69":0,"71":0,"72":0,"74":0,"75":0,"77":0,"78":0,"80":0,"81":0,"83":0,"84":0,"88":0,"89":0,"90":0,"92":0,"95":1,"96":0,"97":0,"99":0,"100":0,"102":0,"103":0,"107":1,"108":0,"111":1,"112":0,"113":0,"114":0,"116":0,"117":0,"119":0,"120":0,"124":1,"125":0,"126":0,"127":0,"128":0,"129":0,"130":0,"133":0,"135":1}},
"src\\app\\globals.ts":{"path":"src\\app\\globals.ts","statementMap":{"1":{"start":{"line":1,"column":0},"end":{"line":1,"column":42}},"2":{"start":{"line":4,"column":20},"end":{"line":4,"column":0}},"3":{"start":{"line":10,"column":2},"end":{"line":10,"column":51}},"4":{"start":{"line":11,"column":8},"end":{"line":11,"column":61}},"5":{"start":{"line":12,"column":8},"end":{"line":12,"column":108}},"6":{"start":{"line":15,"column":0},"end":{"line":15,"column":1}},"7":{"start":{"line":4,"column":13},"end":{"line":15,"column":1}},"8":{"start":{"line":4,"column":13},"end":{"line":4,"column":20}}},"fnMap":{"1":{"name":"(anonymous_0)","line":4,"loc":{"start":{"line":4,"column":20},"end":{"line":4,"column":0}}},"2":{"name":"Globals","line":9,"loc":{"start":{"line":9,"column":1},"end":{"line":13,"column":2}}}},"branchMap":{},"s":{"1":1,"2":1,"3":0,"4":0,"5":0,"6":1,"7":1,"8":1},"b":{},"f":{"1":1,"2":0},"l":{"1":1,"4":1,"10":0,"11":0,"12":0,"15":1}}}
